$ storybook build --output-dir C:\Users\KIRSTY~1\AppData\Local\Temp\chromatic--15444-dpbcN3GvZ3T9
@storybook/cli v7.5.2

info => Cleaning outputDir: C:\Users\KIRSTY~1\AppData\Local\Temp\chromatic--15444-dpbcN3GvZ3T9
info => Loading presets
info => Building manager..
info => Manager built (341 ms)
info => Building preview..
info => Copying static files: C:\Users\KirstyBrewster\Development\taskbox\node_modules\@storybook\manager\static at C:\Users\KIRSTY~1\AppData\Local\Temp\chromatic--15444-dpbcN3GvZ3T9\sb-common-assets
[36mvite v4.5.0 [32mbuilding for production...[36m[39m

./sb-common-assets/fonts.css doesn't exist at build time, it will remain unchanged to be resolved at runtime
transforming...
info => Copying static files: C:\Users\KirstyBrewster\Development\taskbox\public at C:\Users\KIRSTY~1\AppData\Local\Temp\chromatic--15444-dpbcN3GvZ3T9\
node_modules/telejson/dist/index.mjs (1413:15) Use of eval in "node_modules/telejson/dist/index.mjs" is strongly discouraged as it poses security risks and may cause issues with minification.
node_modules/telejson/dist/index.mjs (1416:18) Use of eval in "node_modules/telejson/dist/index.mjs" is strongly discouraged as it poses security risks and may cause issues with minification.
[32m✓[39m 1569 modules transformed.
rendering chunks...
computing gzip size...
[2m../../../KIRSTY~1/AppData/Local/Temp/chromatic--15444-dpbcN3GvZ3T9/[22m[32massets/direction-94a9917f.svg                  [39m[1m[2m  1.28 kB[22m[1m[22m[2m │ gzip:   0.71 kB[22m
[2m../../../KIRSTY~1/AppData/Local/Temp/chromatic--15444-dpbcN3GvZ3T9/[22m[32massets/flow-275142c6.svg                       [39m[1m[2m  1.39 kB[22m[1m[22m[2m │ gzip:   0.68 kB[22m
[2m../../../KIRSTY~1/AppData/Local/Temp/chromatic--15444-dpbcN3GvZ3T9/[22m[32massets/code-brackets-9ef6443e.svg              [39m[1m[2m  1.46 kB[22m[1m[22m[2m │ gzip:   0.69 kB[22m
[2m../../../KIRSTY~1/AppData/Local/Temp/chromatic--15444-dpbcN3GvZ3T9/[22m[32massets/comments-f15a6837.svg                   [39m[1m[2m  1.53 kB[22m[1m[22m[2m │ gzip:   0.70 kB[22m
[2m../../../KIRSTY~1/AppData/Local/Temp/chromatic--15444-dpbcN3GvZ3T9/[22m[32massets/repo-fb4ece47.svg                       [39m[1m[2m  1.64 kB[22m[1m[22m[2m │ gzip:   0.83 kB[22m
[2m../../../KIRSTY~1/AppData/Local/Temp/chromatic--15444-dpbcN3GvZ3T9/[22m[32massets/plugin-57148314.svg                     [39m[1m[2m  2.17 kB[22m[1m[22m[2m │ gzip:   0.98 kB[22m
[2m../../../KIRSTY~1/AppData/Local/Temp/chromatic--15444-dpbcN3GvZ3T9/[22m[32massets/stackalt-2ad81543.svg                   [39m[1m[2m  2.55 kB[22m[1m[22m[2m │ gzip:   1.09 kB[22m
[2m../../../KIRSTY~1/AppData/Local/Temp/chromatic--15444-dpbcN3GvZ3T9/[22m[32massets/colors-ac9401f3.svg                     [39m[1m[2m  8.51 kB[22m[1m[22m[2m │ gzip:   3.61 kB[22m
[2m../../../KIRSTY~1/AppData/Local/Temp/chromatic--15444-dpbcN3GvZ3T9/[22m[32miframe.html                                    [39m[1m[2m 12.74 kB[22m[1m[22m[2m │ gzip:   3.56 kB[22m
[2m../../../KIRSTY~1/AppData/Local/Temp/chromatic--15444-dpbcN3GvZ3T9/[22m[32massets/percolate-dac75269.ttf                  [39m[1m[2m 34.04 kB[22m[1m[22m
[2m../../../KIRSTY~1/AppData/Local/Temp/chromatic--15444-dpbcN3GvZ3T9/[22m[32massets/percolate-ec979d96.woff                 [39m[1m[2m 34.11 kB[22m[1m[22m
[2m../../../KIRSTY~1/AppData/Local/Temp/chromatic--15444-dpbcN3GvZ3T9/[22m[32massets/percolate-5ed633c2.eot                  [39m[1m[2m 34.21 kB[22m[1m[22m
[2m../../../KIRSTY~1/AppData/Local/Temp/chromatic--15444-dpbcN3GvZ3T9/[22m[32massets/percolate-d13fa91b.svg                  [39m[1m[2m140.51 kB[22m[1m[22m[2m │ gzip:  47.50 kB[22m
[2m../../../KIRSTY~1/AppData/Local/Temp/chromatic--15444-dpbcN3GvZ3T9/[22m[35massets/Header-e719f21b.css                     [39m[1m[2m  0.43 kB[22m[1m[22m[2m │ gzip:   0.29 kB[22m
[2m../../../KIRSTY~1/AppData/Local/Temp/chromatic--15444-dpbcN3GvZ3T9/[22m[35massets/Button-bc1a867b.css                     [39m[1m[2m  0.52 kB[22m[1m[22m[2m │ gzip:   0.29 kB[22m
[2m../../../KIRSTY~1/AppData/Local/Temp/chromatic--15444-dpbcN3GvZ3T9/[22m[35massets/Page.stories-62652a55.css               [39m[1m[2m  0.85 kB[22m[1m[22m[2m │ gzip:   0.38 kB[22m
[2m../../../KIRSTY~1/AppData/Local/Temp/chromatic--15444-dpbcN3GvZ3T9/[22m[35massets/preview-4f244d89.css                    [39m[1m[2m  6.87 kB[22m[1m[22m[2m │ gzip:   2.06 kB[22m
[2m../../../KIRSTY~1/AppData/Local/Temp/chromatic--15444-dpbcN3GvZ3T9/[22m[36massets/index-a11b6b30.js                       [39m[1m[2m  0.25 kB[22m[1m[22m[2m │ gzip:   0.20 kB[22m[2m │ map:     0.10 kB[22m
[2m../../../KIRSTY~1/AppData/Local/Temp/chromatic--15444-dpbcN3GvZ3T9/[22m[36massets/_commonjs-dynamic-modules-302442b1.js   [39m[1m[2m  0.30 kB[22m[1m[22m[2m │ gzip:   0.24 kB[22m[2m │ map:     0.12 kB[22m
[2m../../../KIRSTY~1/AppData/Local/Temp/chromatic--15444-dpbcN3GvZ3T9/[22m[36massets/WithTooltip-4HIR6TLV-b2e9bbdb.js        [39m[1m[2m  0.44 kB[22m[1m[22m[2m │ gzip:   0.27 kB[22m[2m │ map:     0.11 kB[22m
[2m../../../KIRSTY~1/AppData/Local/Temp/chromatic--15444-dpbcN3GvZ3T9/[22m[36massets/syntaxhighlighter-NMPM6SWI-dd324bab.js  [39m[1m[2m  0.46 kB[22m[1m[22m[2m │ gzip:   0.29 kB[22m[2m │ map:     0.12 kB[22m
[2m../../../KIRSTY~1/AppData/Local/Temp/chromatic--15444-dpbcN3GvZ3T9/[22m[36massets/index-29153a22.js                       [39m[1m[2m  0.53 kB[22m[1m[22m[2m │ gzip:   0.34 kB[22m[2m │ map:     4.27 kB[22m
[2m../../../KIRSTY~1/AppData/Local/Temp/chromatic--15444-dpbcN3GvZ3T9/[22m[36massets/preview-88628b42.js                     [39m[1m[2m  0.56 kB[22m[1m[22m[2m │ gzip:   0.35 kB[22m[2m │ map:     0.52 kB[22m
[2m../../../KIRSTY~1/AppData/Local/Temp/chromatic--15444-dpbcN3GvZ3T9/[22m[36massets/react-18-08c30c4e.js                    [39m[1m[2m  0.59 kB[22m[1m[22m[2m │ gzip:   0.38 kB[22m[2m │ map:     2.61 kB[22m
[2m../../../KIRSTY~1/AppData/Local/Temp/chromatic--15444-dpbcN3GvZ3T9/[22m[36massets/preview-87eac49b.js                     [39m[1m[2m  0.68 kB[22m[1m[22m[2m │ gzip:   0.48 kB[22m[2m │ map:     3.90 kB[22m
[2m../../../KIRSTY~1/AppData/Local/Temp/chromatic--15444-dpbcN3GvZ3T9/[22m[36massets/_commonjsHelpers-de833af9.js            [39m[1m[2m  0.75 kB[22m[1m[22m[2m │ gzip:   0.43 kB[22m[2m │ map:     0.11 kB[22m
[2m../../../KIRSTY~1/AppData/Local/Temp/chromatic--15444-dpbcN3GvZ3T9/[22m[36massets/index-356e4a49.js                       [39m[1m[2m  0.81 kB[22m[1m[22m[2m │ gzip:   0.51 kB[22m[2m │ map:     3.26 kB[22m
[2m../../../KIRSTY~1/AppData/Local/Temp/chromatic--15444-dpbcN3GvZ3T9/[22m[36massets/index-8d47fad6.js                       [39m[1m[2m  0.84 kB[22m[1m[22m[2m │ gzip:   0.55 kB[22m[2m │ map:     4.08 kB[22m
[2m../../../KIRSTY~1/AppData/Local/Temp/chromatic--15444-dpbcN3GvZ3T9/[22m[36massets/preview-b3c37142.js                     [39m[1m[2m  0.90 kB[22m[1m[22m[2m │ gzip:   0.59 kB[22m[2m │ map:     2.96 kB[22m
[2m../../../KIRSTY~1/AppData/Local/Temp/chromatic--15444-dpbcN3GvZ3T9/[22m[36massets/Header.stories-772041d7.js              [39m[1m[2m  0.92 kB[22m[1m[22m[2m │ gzip:   0.48 kB[22m[2m │ map:     0.11 kB[22m
[2m../../../KIRSTY~1/AppData/Local/Temp/chromatic--15444-dpbcN3GvZ3T9/[22m[36massets/jsx-runtime-e1157db5.js                 [39m[1m[2m  1.02 kB[22m[1m[22m[2m │ gzip:   0.64 kB[22m[2m │ map:     2.29 kB[22m
[2m../../../KIRSTY~1/AppData/Local/Temp/chromatic--15444-dpbcN3GvZ3T9/[22m[36massets/preview-a612859b.js                     [39m[1m[2m  1.09 kB[22m[1m[22m[2m │ gzip:   0.71 kB[22m[2m │ map:     3.08 kB[22m
[2m../../../KIRSTY~1/AppData/Local/Temp/chromatic--15444-dpbcN3GvZ3T9/[22m[36massets/DocsRenderer-NNNQARDV-93a44de5.js       [39m[1m[2m  1.33 kB[22m[1m[22m[2m │ gzip:   0.72 kB[22m[2m │ map:     2.64 kB[22m
[2m../../../KIRSTY~1/AppData/Local/Temp/chromatic--15444-dpbcN3GvZ3T9/[22m[36massets/Button-fd7ca33f.js                      [39m[1m[2m  1.48 kB[22m[1m[22m[2m │ gzip:   0.70 kB[22m[2m │ map:     1.89 kB[22m
[2m../../../KIRSTY~1/AppData/Local/Temp/chromatic--15444-dpbcN3GvZ3T9/[22m[36massets/Button.stories-44a13941.js              [39m[1m[2m  1.55 kB[22m[1m[22m[2m │ gzip:   0.60 kB[22m[2m │ map:     0.13 kB[22m
[2m../../../KIRSTY~1/AppData/Local/Temp/chromatic--15444-dpbcN3GvZ3T9/[22m[36massets/Header-aac1b91d.js                      [39m[1m[2m  1.69 kB[22m[1m[22m[2m │ gzip:   0.83 kB[22m[2m │ map:     3.05 kB[22m
[2m../../../KIRSTY~1/AppData/Local/Temp/chromatic--15444-dpbcN3GvZ3T9/[22m[36massets/preview-bed967c6.js                     [39m[1m[2m  2.38 kB[22m[1m[22m[2m │ gzip:   1.24 kB[22m[2m │ map:    11.11 kB[22m
[2m../../../KIRSTY~1/AppData/Local/Temp/chromatic--15444-dpbcN3GvZ3T9/[22m[36massets/index-d37d4223.js                       [39m[1m[2m  2.63 kB[22m[1m[22m[2m │ gzip:   1.30 kB[22m[2m │ map:     7.47 kB[22m
[2m../../../KIRSTY~1/AppData/Local/Temp/chromatic--15444-dpbcN3GvZ3T9/[22m[36massets/Task.stories-a41fc9b3.js                [39m[1m[2m  2.85 kB[22m[1m[22m[2m │ gzip:   1.12 kB[22m[2m │ map:     3.39 kB[22m
[2m../../../KIRSTY~1/AppData/Local/Temp/chromatic--15444-dpbcN3GvZ3T9/[22m[36massets/InboxScreen.stories-e6092b95.js         [39m[1m[2m  3.02 kB[22m[1m[22m[2m │ gzip:   1.24 kB[22m[2m │ map:     2.00 kB[22m
[2m../../../KIRSTY~1/AppData/Local/Temp/chromatic--15444-dpbcN3GvZ3T9/[22m[36massets/preview-108c1c3c.js                     [39m[1m[2m  3.26 kB[22m[1m[22m[2m │ gzip:   1.41 kB[22m[2m │ map:    10.27 kB[22m
[2m../../../KIRSTY~1/AppData/Local/Temp/chromatic--15444-dpbcN3GvZ3T9/[22m[36massets/Page.stories-709d94cb.js                [39m[1m[2m  3.27 kB[22m[1m[22m[2m │ gzip:   1.53 kB[22m[2m │ map:     3.90 kB[22m
[2m../../../KIRSTY~1/AppData/Local/Temp/chromatic--15444-dpbcN3GvZ3T9/[22m[36massets/iframe-4a3bce66.js                      [39m[1m[2m  6.05 kB[22m[1m[22m[2m │ gzip:   1.92 kB[22m[2m │ map:     6.17 kB[22m
[2m../../../KIRSTY~1/AppData/Local/Temp/chromatic--15444-dpbcN3GvZ3T9/[22m[36massets/Introduction-4ed47a28.js                [39m[1m[2m  6.67 kB[22m[1m[22m[2m │ gzip:   2.22 kB[22m[2m │ map:    11.45 kB[22m
[2m../../../KIRSTY~1/AppData/Local/Temp/chromatic--15444-dpbcN3GvZ3T9/[22m[36massets/index-83a10e79.js                       [39m[1m[2m  7.21 kB[22m[1m[22m[2m │ gzip:   2.95 kB[22m[2m │ map:    15.71 kB[22m
[2m../../../KIRSTY~1/AppData/Local/Temp/chromatic--15444-dpbcN3GvZ3T9/[22m[36massets/preview-b8d6c68d.js                     [39m[1m[2m  7.67 kB[22m[1m[22m[2m │ gzip:   1.59 kB[22m[2m │ map:    14.22 kB[22m
[2m../../../KIRSTY~1/AppData/Local/Temp/chromatic--15444-dpbcN3GvZ3T9/[22m[36massets/preview-2059b184.js                     [39m[1m[2m  8.32 kB[22m[1m[22m[2m │ gzip:   3.20 kB[22m[2m │ map:    29.42 kB[22m
[2m../../../KIRSTY~1/AppData/Local/Temp/chromatic--15444-dpbcN3GvZ3T9/[22m[36massets/index-03bbf7d1.js                       [39m[1m[2m 13.55 kB[22m[1m[22m[2m │ gzip:   5.09 kB[22m[2m │ map:    53.10 kB[22m
[2m../../../KIRSTY~1/AppData/Local/Temp/chromatic--15444-dpbcN3GvZ3T9/[22m[36massets/index-ebb845b4.js                       [39m[1m[2m 16.57 kB[22m[1m[22m[2m │ gzip:   5.43 kB[22m[2m │ map:    58.43 kB[22m
[2m../../../KIRSTY~1/AppData/Local/Temp/chromatic--15444-dpbcN3GvZ3T9/[22m[36massets/Color-6VNJS4EI-fa7ff0b7.js              [39m[1m[2m 17.60 kB[22m[1m[22m[2m │ gzip:   6.75 kB[22m[2m │ map:    59.60 kB[22m
[2m../../../KIRSTY~1/AppData/Local/Temp/chromatic--15444-dpbcN3GvZ3T9/[22m[36massets/preview-6751e51d.js                     [39m[1m[2m 21.12 kB[22m[1m[22m[2m │ gzip:   7.00 kB[22m[2m │ map:    68.38 kB[22m
[2m../../../KIRSTY~1/AppData/Local/Temp/chromatic--15444-dpbcN3GvZ3T9/[22m[36massets/TaskList.stories-64c7c705.js            [39m[1m[2m 31.23 kB[22m[1m[22m[2m │ gzip:  11.70 kB[22m[2m │ map:   250.68 kB[22m
[2m../../../KIRSTY~1/AppData/Local/Temp/chromatic--15444-dpbcN3GvZ3T9/[22m[36massets/preview-7252229d.js                     [39m[1m[2m 34.31 kB[22m[1m[22m[2m │ gzip:  13.41 kB[22m[2m │ map:   127.54 kB[22m
[2m../../../KIRSTY~1/AppData/Local/Temp/chromatic--15444-dpbcN3GvZ3T9/[22m[36massets/index-6f5c5700.js                       [39m[1m[2m212.78 kB[22m[1m[22m[2m │ gzip:  66.50 kB[22m[2m │ map:   653.18 kB[22m
[2m../../../KIRSTY~1/AppData/Local/Temp/chromatic--15444-dpbcN3GvZ3T9/[22m[36massets/config-785c52ab.js                      [39m[1m[2m213.48 kB[22m[1m[22m[2m │ gzip:  66.38 kB[22m[2m │ map:   803.21 kB[22m
[2m../../../KIRSTY~1/AppData/Local/Temp/chromatic--15444-dpbcN3GvZ3T9/[22m[36massets/index-138d720a.js                       [39m[1m[2m292.11 kB[22m[1m[22m[2m │ gzip:  71.50 kB[22m[2m │ map: 1,095.77 kB[22m
[2m../../../KIRSTY~1/AppData/Local/Temp/chromatic--15444-dpbcN3GvZ3T9/[22m[36massets/index-f2529a6e.js                       [39m[1m[2m357.82 kB[22m[1m[22m[2m │ gzip: 110.21 kB[22m[2m │ map: 1,500.69 kB[22m
[2m../../../KIRSTY~1/AppData/Local/Temp/chromatic--15444-dpbcN3GvZ3T9/[22m[36massets/index-02ea6aa1.js                       [39m[1m[33m533.97 kB[39m[22m[2m │ gzip: 174.28 kB[22m[2m │ map: 1,548.36 kB[22m
[2m../../../KIRSTY~1/AppData/Local/Temp/chromatic--15444-dpbcN3GvZ3T9/[22m[36massets/axe-ace75cbe.js                         [39m[1m[33m554.63 kB[39m[22m[2m │ gzip: 151.94 kB[22m[2m │ map: 1,993.94 kB[22m
[2m../../../KIRSTY~1/AppData/Local/Temp/chromatic--15444-dpbcN3GvZ3T9/[22m[36massets/formatter-SWP5E3XI-d43f01f8.js          [39m[1m[33m601.64 kB[39m[22m[2m │ gzip: 185.04 kB[22m[2m │ map: 1,318.59 kB[22m
[33m
(!) Some chunks are larger than 500 kBs after minification. Consider:
- Using dynamic import() to code-split the application
- Use build.rollupOptions.output.manualChunks to improve chunking: https://rollupjs.org/configuration-options/#output-manualchunks
- Adjust chunk size limit for this warning via build.chunkSizeWarningLimit.[39m
[32m✓ built in 18.99s[39m
info => Preview built (21 s)
info => Output directory: C:\Users\KIRSTY~1\AppData\Local\Temp\chromatic--15444-dpbcN3GvZ3T9
